E, [2024-11-12T14:13:15.865296 #38340] ERROR -- : Error saving to SQLite: undefined method `save_to_sqlite' for nil
E, [2024-11-12T14:15:47.009664 #36832] ERROR -- : Error saving to SQLite: undefined method `save_to_sqlite' for nil
E, [2024-11-12T14:21:51.919406 #14956] ERROR -- : Error saving to SQLite: undefined method `save_to_sqlite' for nil
E, [2024-11-12T14:23:18.842200 #36584] ERROR -- : Error saving to SQLite: undefined method `save_to_sqlite' for nil
E, [2024-11-12T14:25:55.127460 #27872] ERROR -- : Error saving to SQLite: undefined method `save_to_sqlite' for nil
E, [2024-11-12T14:26:29.267110 #2020] ERROR -- : Error saving to SQLite: undefined method `save_to_sqlite' for nil
E, [2024-11-12T14:27:40.426120 #39952] ERROR -- : Error saving to SQLite: undefined method `save_to_sqlite' for nil
E, [2024-11-12T14:28:55.196677 #28804] ERROR -- : Error saving to SQLite: undefined method `save_to_sqlite' for nil
E, [2024-11-12T14:29:26.779641 #14740] ERROR -- : Error saving to SQLite: undefined method `save_to_sqlite' for nil
E, [2024-11-12T14:32:53.735995 #15108] ERROR -- : Error saving to SQLite: undefined method `save_to_sqlite' for nil
E, [2024-11-12T14:35:37.808405 #29392] ERROR -- : Error saving to SQLite: undefined method `save_to_sqlite' for nil
E, [2024-11-12T14:57:57.264978 #39812] ERROR -- : Error saving to SQLite: undefined method `save_to_sqlite' for nil
E, [2024-11-12T14:58:43.992660 #37512] ERROR -- : Error saving to SQLite: undefined method `save_to_sqlite' for nil
E, [2024-11-12T15:00:07.984070 #2020] ERROR -- : Error downloading image for A Light in the Attic: 404 => Net::HTTPNotFound for https://books.toscrape.com/media/cache/media/cache/fe/72/fe72f0532301ec28892ae79a629a293c.jpg -- unhandled response
E, [2024-11-12T15:00:08.504212 #2020] ERROR -- : Error saving to SQLite: undefined method `save_to_sqlite' for nil
E, [2024-11-12T15:02:27.553994 #21968] ERROR -- : Error saving to SQLite: undefined method `save_to_sqlite' for nil
E, [2024-11-12T15:27:38.354558 #38760] ERROR -- : Error saving to SQLite: undefined method `save_to_sqlite' for nil
E, [2024-11-12T15:28:24.736122 #39288] ERROR -- : Error saving to SQLite: undefined method `save_to_sqlite' for nil
E, [2024-11-12T15:28:24.790523 #39288] ERROR -- : Error saving to SQLite: undefined method `save_to_sqlite' for nil
E, [2024-11-12T15:30:43.092321 #38420] ERROR -- : Error downloading image for Scott Pilgrim's Precious Little Life (Scott Pilgrim #1): 404 => Net::HTTPNotFound for https://books.toscrape.com/media/cache/media/cache/97/27/97275841c81e66d53bf9313cba06f23e.jpg -- unhandled response
E, [2024-11-12T15:30:43.096153 #38420] ERROR -- : Error downloading image for The Boys in the Boat: Nine Americans and Their Epic Quest for Gold at the 1936 Berlin Olympics: 404 => Net::HTTPNotFound for https://books.toscrape.com/media/cache/media/cache/d1/2d/d12d26739b5369a6b5b3024e4d08f907.jpg -- unhandled response
E, [2024-11-12T15:30:43.093959 #38420] ERROR -- : Error downloading image for It's Only the Himalayas: 404 => Net::HTTPNotFound for https://books.toscrape.com/media/cache/media/cache/6d/41/6d418a73cc7d4ecfd75ca11d854041db.jpg -- unhandled response
E, [2024-11-12T15:30:43.094686 #38420] ERROR -- : Error downloading image for The Coming Woman: A Novel Based on the Life of the Infamous Feminist, Victoria Woodhull: 404 => Net::HTTPNotFound for https://books.toscrape.com/media/cache/media/cache/97/36/9736132a43b8e6e3989932218ef309ed.jpg -- unhandled response
E, [2024-11-12T15:30:43.095355 #38420] ERROR -- : Error downloading image for Set Me Free: 404 => Net::HTTPNotFound for https://books.toscrape.com/media/cache/media/cache/b8/e9/b8e91bd2fc74c3954118999238abb4b8.jpg -- unhandled response
E, [2024-11-12T15:30:43.096821 #38420] ERROR -- : Error downloading image for Tipping the Velvet: 404 => Net::HTTPNotFound for https://books.toscrape.com/media/cache/media/cache/08/e9/08e94f3731d7d6b760dfbfbc02ca5c62.jpg -- unhandled response
E, [2024-11-12T15:30:43.097434 #38420] ERROR -- : Error downloading image for Olio: 404 => Net::HTTPNotFound for https://books.toscrape.com/media/cache/media/cache/b1/0e/b10eabab1e1c811a6d47969904fd5755.jpg -- unhandled response
E, [2024-11-12T15:30:43.093041 #38420] ERROR -- : Error downloading image for The Requiem Red: 404 => Net::HTTPNotFound for https://books.toscrape.com/media/cache/media/cache/6b/07/6b07b77236b7c80f42bd90bf325e69f6.jpg -- unhandled response
E, [2024-11-12T15:30:43.107571 #38420] ERROR -- : Error downloading image for The Dirty Little Secrets of Getting Your Dream Job: 404 => Net::HTTPNotFound for https://books.toscrape.com/media/cache/media/cache/e1/1b/e11bea016d0ae1d7e2dd46fb3cb870b7.jpg -- unhandled response
E, [2024-11-12T15:30:43.108958 #38420] ERROR -- : Error downloading image for Starving Hearts (Triangular Trade Trilogy, #1): 404 => Net::HTTPNotFound for https://books.toscrape.com/media/cache/media/cache/a0/7e/a07ed8f1c23f7b4baf7102722680bd30.jpg -- unhandled response
E, [2024-11-12T15:30:43.203435 #38420] ERROR -- : Error saving to SQLite: undefined method `save_to_sqlite' for nil
E, [2024-11-12T15:30:43.259602 #38420] ERROR -- : Error saving to SQLite: undefined method `save_to_sqlite' for nil
E, [2024-11-12T15:42:53.819813 #4056] ERROR -- : Error saving to SQLite: undefined method `save_to_sqlite' for nil
E, [2024-11-12T15:42:53.878056 #4056] ERROR -- : Error saving to SQLite: undefined method `save_to_sqlite' for nil
E, [2024-11-12T15:46:10.090765 #36840] ERROR -- : Error saving to SQLite: undefined method `save_to_sqlite' for nil
E, [2024-11-12T15:46:10.148825 #36840] ERROR -- : Error saving to SQLite: undefined method `save_to_sqlite' for nil
E, [2024-11-12T15:47:23.864185 #25396] ERROR -- : Error saving to SQLite: undefined method `save_to_sqlite' for nil
E, [2024-11-12T15:49:11.711638 #36288] ERROR -- : Error saving to SQLite: undefined method `save_to_sqlite' for nil
E, [2024-11-12T15:50:52.223768 #11644] ERROR -- : Error saving to SQLite: undefined method `save_to_sqlite' for nil
E, [2024-11-12T15:51:14.512101 #21328] ERROR -- : Error downloading image for Sharp Objects: 404 => Net::HTTPNotFound for https://books.toscrape.com/media/cache/media/cache/c0/59/c05972805aa7201171b8fc71a5b00292.jpg -- unhandled response
E, [2024-11-12T15:51:14.513101 #21328] ERROR -- : Error downloading image for Libertarianism for Beginners: 404 => Net::HTTPNotFound for https://books.toscrape.com/media/cache/media/cache/91/a4/91a46253e165d144ef5938f2d456b88f.jpg -- unhandled response
E, [2024-11-12T15:51:14.513963 #21328] ERROR -- : Error downloading image for Scott Pilgrim's Precious Little Life (Scott Pilgrim #1): 404 => Net::HTTPNotFound for https://books.toscrape.com/media/cache/media/cache/97/27/97275841c81e66d53bf9313cba06f23e.jpg -- unhandled response
E, [2024-11-12T15:51:14.514787 #21328] ERROR -- : Error downloading image for Starving Hearts (Triangular Trade Trilogy, #1): 404 => Net::HTTPNotFound for https://books.toscrape.com/media/cache/media/cache/a0/7e/a07ed8f1c23f7b4baf7102722680bd30.jpg -- unhandled response
E, [2024-11-12T15:51:14.515640 #21328] ERROR -- : Error downloading image for Mesaerion: The Best Science Fiction Stories 1800-1849: 404 => Net::HTTPNotFound for https://books.toscrape.com/media/cache/media/cache/e8/1f/e81f850db9b9622c65619c9f15748de7.jpg -- unhandled response
E, [2024-11-12T15:51:14.516404 #21328] ERROR -- : Error downloading image for Shakespeare's Sonnets: 404 => Net::HTTPNotFound for https://books.toscrape.com/media/cache/media/cache/4d/7a/4d7a79a8be80a529b277ed5c4d8ba482.jpg -- unhandled response
E, [2024-11-12T15:51:14.517171 #21328] ERROR -- : Error downloading image for Olio: 404 => Net::HTTPNotFound for https://books.toscrape.com/media/cache/media/cache/b1/0e/b10eabab1e1c811a6d47969904fd5755.jpg -- unhandled response
E, [2024-11-12T15:51:14.518007 #21328] ERROR -- : Error downloading image for Sapiens: A Brief History of Humankind: 404 => Net::HTTPNotFound for https://books.toscrape.com/media/cache/media/cache/ce/5f/ce5f052c65cc963cf4422be096e915c9.jpg -- unhandled response
E, [2024-11-12T15:51:14.518818 #21328] ERROR -- : Error downloading image for The Coming Woman: A Novel Based on the Life of the Infamous Feminist, Victoria Woodhull: 404 => Net::HTTPNotFound for https://books.toscrape.com/media/cache/media/cache/97/36/9736132a43b8e6e3989932218ef309ed.jpg -- unhandled response
E, [2024-11-12T15:51:14.519528 #21328] ERROR -- : Error downloading image for Set Me Free: 404 => Net::HTTPNotFound for https://books.toscrape.com/media/cache/media/cache/b8/e9/b8e91bd2fc74c3954118999238abb4b8.jpg -- unhandled response
E, [2024-11-12T15:51:14.520306 #21328] ERROR -- : Error downloading image for Rip it Up and Start Again: 404 => Net::HTTPNotFound for https://books.toscrape.com/media/cache/media/cache/81/7f/817f5089c0e6e62738dce2931e7323d3.jpg -- unhandled response
E, [2024-11-12T15:51:14.527179 #21328] ERROR -- : Error downloading image for The Dirty Little Secrets of Getting Your Dream Job: 404 => Net::HTTPNotFound for https://books.toscrape.com/media/cache/media/cache/e1/1b/e11bea016d0ae1d7e2dd46fb3cb870b7.jpg -- unhandled response
E, [2024-11-12T15:51:14.527825 #21328] ERROR -- : Error downloading image for It's Only the Himalayas: 404 => Net::HTTPNotFound for https://books.toscrape.com/media/cache/media/cache/6d/41/6d418a73cc7d4ecfd75ca11d854041db.jpg -- unhandled response
E, [2024-11-12T15:51:14.637218 #21328] ERROR -- : Error saving to SQLite: undefined method `save_to_sqlite' for nil
E, [2024-11-12T15:51:14.698674 #21328] ERROR -- : Error saving to SQLite: undefined method `save_to_sqlite' for an instance of MyApplication::DatabaseConnector
E, [2024-11-12T15:57:03.377569 #36332] ERROR -- : Error saving to SQLite: undefined method `save_to_sqlite' for nil
E, [2024-11-12T15:57:03.435558 #36332] ERROR -- : Error saving to SQLite: undefined method `save_to_sqlite' for an instance of MyApplication::DatabaseConnector
E, [2024-11-12T15:59:40.143345 #37488] ERROR -- : Error saving to SQLite: undefined method `save_to_sqlite' for nil
E, [2024-11-12T15:59:40.191027 #37488] ERROR -- : Error saving to SQLite: undefined method `save_to_sqlite' for an instance of MyApplication::DatabaseConnector
E, [2024-11-12T16:01:24.414251 #28376] ERROR -- : Error downloading image for The Dirty Little Secrets of Getting Your Dream Job: 404 => Net::HTTPNotFound for https://books.toscrape.com/media/cache/media/cache/e1/1b/e11bea016d0ae1d7e2dd46fb3cb870b7.jpg -- unhandled response
E, [2024-11-12T16:01:24.420437 #28376] ERROR -- : Error downloading image for The Requiem Red: 404 => Net::HTTPNotFound for https://books.toscrape.com/media/cache/media/cache/6b/07/6b07b77236b7c80f42bd90bf325e69f6.jpg -- unhandled response
E, [2024-11-12T16:01:24.415542 #28376] ERROR -- : Error downloading image for The Coming Woman: A Novel Based on the Life of the Infamous Feminist, Victoria Woodhull: 404 => Net::HTTPNotFound for https://books.toscrape.com/media/cache/media/cache/97/36/9736132a43b8e6e3989932218ef309ed.jpg -- unhandled response
E, [2024-11-12T16:01:24.416185 #28376] ERROR -- : Error downloading image for Rip it Up and Start Again: 404 => Net::HTTPNotFound for https://books.toscrape.com/media/cache/media/cache/81/7f/817f5089c0e6e62738dce2931e7323d3.jpg -- unhandled response
E, [2024-11-12T16:01:24.416832 #28376] ERROR -- : Error downloading image for Mesaerion: The Best Science Fiction Stories 1800-1849: 404 => Net::HTTPNotFound for https://books.toscrape.com/media/cache/media/cache/e8/1f/e81f850db9b9622c65619c9f15748de7.jpg -- unhandled response
E, [2024-11-12T16:01:24.417315 #28376] ERROR -- : Error downloading image for Sapiens: A Brief History of Humankind: 404 => Net::HTTPNotFound for https://books.toscrape.com/media/cache/media/cache/ce/5f/ce5f052c65cc963cf4422be096e915c9.jpg -- unhandled response
E, [2024-11-12T16:01:24.417841 #28376] ERROR -- : Error downloading image for Olio: 404 => Net::HTTPNotFound for https://books.toscrape.com/media/cache/media/cache/b1/0e/b10eabab1e1c811a6d47969904fd5755.jpg -- unhandled response
E, [2024-11-12T16:01:24.418352 #28376] ERROR -- : Error downloading image for The Boys in the Boat: Nine Americans and Their Epic Quest for Gold at the 1936 Berlin Olympics: 404 => Net::HTTPNotFound for https://books.toscrape.com/media/cache/media/cache/d1/2d/d12d26739b5369a6b5b3024e4d08f907.jpg -- unhandled response
E, [2024-11-12T16:01:24.418909 #28376] ERROR -- : Error downloading image for It's Only the Himalayas: 404 => Net::HTTPNotFound for https://books.toscrape.com/media/cache/media/cache/6d/41/6d418a73cc7d4ecfd75ca11d854041db.jpg -- unhandled response
E, [2024-11-12T16:01:24.419469 #28376] ERROR -- : Error downloading image for Scott Pilgrim's Precious Little Life (Scott Pilgrim #1): 404 => Net::HTTPNotFound for https://books.toscrape.com/media/cache/media/cache/97/27/97275841c81e66d53bf9313cba06f23e.jpg -- unhandled response
E, [2024-11-12T16:01:24.421068 #28376] ERROR -- : Error downloading image for Libertarianism for Beginners: 404 => Net::HTTPNotFound for https://books.toscrape.com/media/cache/media/cache/91/a4/91a46253e165d144ef5938f2d456b88f.jpg -- unhandled response
E, [2024-11-12T16:01:24.421656 #28376] ERROR -- : Error downloading image for The Black Maria: 404 => Net::HTTPNotFound for https://books.toscrape.com/media/cache/media/cache/d1/7a/d17a3e313e52e1be5651719e4fba1d16.jpg -- unhandled response
E, [2024-11-12T16:01:24.422112 #28376] ERROR -- : Error downloading image for Set Me Free: 404 => Net::HTTPNotFound for https://books.toscrape.com/media/cache/media/cache/b8/e9/b8e91bd2fc74c3954118999238abb4b8.jpg -- unhandled response
E, [2024-11-12T16:01:24.414995 #28376] ERROR -- : Error downloading image for Our Band Could Be Your Life: Scenes from the American Indie Underground, 1981-1991: 404 => Net::HTTPNotFound for https://books.toscrape.com/media/cache/media/cache/ad/96/ad96e9c9f1664cbcb0e9627b007fb6f9.jpg -- unhandled response
E, [2024-11-12T16:01:24.439360 #28376] ERROR -- : Error saving to SQLite: undefined method `save_to_sqlite' for nil
E, [2024-11-12T16:01:24.495505 #28376] ERROR -- : Error saving to SQLite: undefined method `save_to_sqlite' for an instance of MyApplication::DatabaseConnector
E, [2024-11-12T16:02:18.338171 #40436] ERROR -- : Error saving to SQLite: undefined method `save_to_sqlite' for nil
E, [2024-11-12T16:02:18.395379 #40436] ERROR -- : Error saving to SQLite: undefined method `save_to_sqlite' for an instance of MyApplication::DatabaseConnector
E, [2024-11-12T16:02:37.713255 #32488] ERROR -- : Error saving to SQLite: undefined method `save_to_sqlite' for nil
E, [2024-11-12T16:02:37.767983 #32488] ERROR -- : Error saving to SQLite: undefined method `save_to_sqlite' for an instance of MyApplication::DatabaseConnector
E, [2024-11-12T16:06:44.443559 #30504] ERROR -- : Error saving to SQLite: undefined method `save_to_sqlite' for an instance of MyApplication::DatabaseConnector
E, [2024-11-12T16:07:59.899212 #20584] ERROR -- : Error saving to SQLite: undefined method `save_to_sqlite' for an instance of MyApplication::DatabaseConnector
E, [2024-11-12T16:09:04.170824 #23736] ERROR -- : Error saving to SQLite: undefined method `save_to_sqlite' for an instance of MyApplication::DatabaseConnector
E, [2024-11-12T16:11:53.556059 #31136] ERROR -- : Error saving to SQLite: undefined method `save_to_sqlite' for nil
E, [2024-11-12T16:11:53.565139 #31136] ERROR -- : Error saving to SQLite: undefined method `save_to_sqlite' for an instance of MyApplication::DatabaseConnector
E, [2024-11-12T16:15:04.527139 #37728] ERROR -- : Error saving to SQLite: undefined method `save_to_sqlite' for nil
E, [2024-11-12T16:15:04.533639 #37728] ERROR -- : Error saving to SQLite: undefined method `save_to_sqlite' for an instance of MyApplication::DatabaseConnector
E, [2024-11-12T16:15:42.177233 #36664] ERROR -- : Error saving to SQLite: undefined method `save_to_sqlite' for an instance of MyApplication::DatabaseConnector
E, [2024-11-12T16:16:11.696316 #40012] ERROR -- : Error saving to SQLite: undefined method `save_to_sqlite' for an instance of MyApplication::DatabaseConnector
E, [2024-11-12T16:16:39.523093 #30792] ERROR -- : Error saving to SQLite: undefined method `save_to_sqlite' for an instance of MyApplication::DatabaseConnector
E, [2024-11-15T21:12:30.689058 #26192] ERROR -- : Error downloading image for The Black Maria: 404 => Net::HTTPNotFound for https://books.toscrape.com/media/cache/media/cache/d1/7a/d17a3e313e52e1be5651719e4fba1d16.jpg -- unhandled response
E, [2024-11-15T21:12:30.690838 #26192] ERROR -- : Error downloading image for Sharp Objects: 404 => Net::HTTPNotFound for https://books.toscrape.com/media/cache/media/cache/c0/59/c05972805aa7201171b8fc71a5b00292.jpg -- unhandled response
E, [2024-11-15T21:12:30.689598 #26192] ERROR -- : Error downloading image for The Requiem Red: 404 => Net::HTTPNotFound for https://books.toscrape.com/media/cache/media/cache/6b/07/6b07b77236b7c80f42bd90bf325e69f6.jpg -- unhandled response
E, [2024-11-15T21:12:30.689818 #26192] ERROR -- : Error downloading image for The Dirty Little Secrets of Getting Your Dream Job: 404 => Net::HTTPNotFound for https://books.toscrape.com/media/cache/media/cache/e1/1b/e11bea016d0ae1d7e2dd46fb3cb870b7.jpg -- unhandled response
E, [2024-11-15T21:12:30.690019 #26192] ERROR -- : Error downloading image for The Boys in the Boat: Nine Americans and Their Epic Quest for Gold at the 1936 Berlin Olympics: 404 => Net::HTTPNotFound for https://books.toscrape.com/media/cache/media/cache/d1/2d/d12d26739b5369a6b5b3024e4d08f907.jpg -- unhandled response
E, [2024-11-15T21:12:30.690222 #26192] ERROR -- : Error downloading image for Libertarianism for Beginners: 404 => Net::HTTPNotFound for https://books.toscrape.com/media/cache/media/cache/91/a4/91a46253e165d144ef5938f2d456b88f.jpg -- unhandled response
E, [2024-11-15T21:12:30.690428 #26192] ERROR -- : Error downloading image for Mesaerion: The Best Science Fiction Stories 1800-1849: 404 => Net::HTTPNotFound for https://books.toscrape.com/media/cache/media/cache/e8/1f/e81f850db9b9622c65619c9f15748de7.jpg -- unhandled response
E, [2024-11-15T21:12:30.690610 #26192] ERROR -- : Error downloading image for Shakespeare's Sonnets: 404 => Net::HTTPNotFound for https://books.toscrape.com/media/cache/media/cache/4d/7a/4d7a79a8be80a529b277ed5c4d8ba482.jpg -- unhandled response
E, [2024-11-15T21:12:30.691020 #26192] ERROR -- : Error downloading image for It's Only the Himalayas: 404 => Net::HTTPNotFound for https://books.toscrape.com/media/cache/media/cache/6d/41/6d418a73cc7d4ecfd75ca11d854041db.jpg -- unhandled response
E, [2024-11-15T21:12:30.691200 #26192] ERROR -- : Error downloading image for Set Me Free: 404 => Net::HTTPNotFound for https://books.toscrape.com/media/cache/media/cache/b8/e9/b8e91bd2fc74c3954118999238abb4b8.jpg -- unhandled response
E, [2024-11-15T21:12:30.691379 #26192] ERROR -- : Error downloading image for Starving Hearts (Triangular Trade Trilogy, #1): 404 => Net::HTTPNotFound for https://books.toscrape.com/media/cache/media/cache/a0/7e/a07ed8f1c23f7b4baf7102722680bd30.jpg -- unhandled response
E, [2024-11-15T21:12:30.691574 #26192] ERROR -- : Error downloading image for Our Band Could Be Your Life: Scenes from the American Indie Underground, 1981-1991: 404 => Net::HTTPNotFound for https://books.toscrape.com/media/cache/media/cache/ad/96/ad96e9c9f1664cbcb0e9627b007fb6f9.jpg -- unhandled response
E, [2024-11-15T21:12:30.691777 #26192] ERROR -- : Error downloading image for Sapiens: A Brief History of Humankind: 404 => Net::HTTPNotFound for https://books.toscrape.com/media/cache/media/cache/ce/5f/ce5f052c65cc963cf4422be096e915c9.jpg -- unhandled response
E, [2024-11-15T21:12:30.691964 #26192] ERROR -- : Error downloading image for Scott Pilgrim's Precious Little Life (Scott Pilgrim #1): 404 => Net::HTTPNotFound for https://books.toscrape.com/media/cache/media/cache/97/27/97275841c81e66d53bf9313cba06f23e.jpg -- unhandled response
E, [2024-11-15T21:12:30.689361 #26192] ERROR -- : Error downloading image for The Coming Woman: A Novel Based on the Life of the Infamous Feminist, Victoria Woodhull: 404 => Net::HTTPNotFound for https://books.toscrape.com/media/cache/media/cache/97/36/9736132a43b8e6e3989932218ef309ed.jpg -- unhandled response
E, [2024-11-15T21:13:55.088989 #18244] ERROR -- : Error downloading image for The Boys in the Boat: Nine Americans and Their Epic Quest for Gold at the 1936 Berlin Olympics: 404 => Net::HTTPNotFound for https://books.toscrape.com/media/cache/media/cache/d1/2d/d12d26739b5369a6b5b3024e4d08f907.jpg -- unhandled response
E, [2024-11-15T21:22:09.309995 #23088] ERROR -- : Error downloading image for The Requiem Red: 404 => Net::HTTPNotFound for https://books.toscrape.com/media/cache/media/cache/6b/07/6b07b77236b7c80f42bd90bf325e69f6.jpg -- unhandled response
E, [2024-11-15T21:22:09.311446 #23088] ERROR -- : Error downloading image for Libertarianism for Beginners: 404 => Net::HTTPNotFound for https://books.toscrape.com/media/cache/media/cache/91/a4/91a46253e165d144ef5938f2d456b88f.jpg -- unhandled response
E, [2024-11-15T21:22:09.310553 #23088] ERROR -- : Error downloading image for It's Only the Himalayas: 404 => Net::HTTPNotFound for https://books.toscrape.com/media/cache/media/cache/6d/41/6d418a73cc7d4ecfd75ca11d854041db.jpg -- unhandled response
E, [2024-11-15T21:22:09.311937 #23088] ERROR -- : Error downloading image for Sharp Objects: 404 => Net::HTTPNotFound for https://books.toscrape.com/media/cache/media/cache/c0/59/c05972805aa7201171b8fc71a5b00292.jpg -- unhandled response
E, [2024-11-15T21:22:09.312397 #23088] ERROR -- : Error downloading image for Set Me Free: 404 => Net::HTTPNotFound for https://books.toscrape.com/media/cache/media/cache/b8/e9/b8e91bd2fc74c3954118999238abb4b8.jpg -- unhandled response
E, [2024-11-15T21:22:09.312607 #23088] ERROR -- : Error downloading image for Olio: 404 => Net::HTTPNotFound for https://books.toscrape.com/media/cache/media/cache/b1/0e/b10eabab1e1c811a6d47969904fd5755.jpg -- unhandled response
E, [2024-11-15T21:22:09.310315 #23088] ERROR -- : Error downloading image for Soumission: 404 => Net::HTTPNotFound for https://books.toscrape.com/media/cache/media/cache/ee/cf/eecfe998905e455df12064dba399c075.jpg -- unhandled response
E, [2024-11-15T21:22:09.590690 #23088] ERROR -- : Error downloading image for The Coming Woman: A Novel Based on the Life of the Infamous Feminist, Victoria Woodhull: 404 => Net::HTTPNotFound for https://books.toscrape.com/media/cache/media/cache/97/36/9736132a43b8e6e3989932218ef309ed.jpg -- unhandled response
E, [2024-11-15T21:23:40.686914 #22932] ERROR -- : Error downloading image for Sapiens: A Brief History of Humankind: 404 => Net::HTTPNotFound for https://books.toscrape.com/media/cache/media/cache/ce/5f/ce5f052c65cc963cf4422be096e915c9.jpg -- unhandled response
E, [2024-11-15T21:55:53.069967 #24228] ERROR -- : Error downloading image for Rip it Up and Start Again: 404 => Net::HTTPNotFound for https://books.toscrape.com/media/cache/media/cache/81/7f/817f5089c0e6e62738dce2931e7323d3.jpg -- unhandled response
E, [2024-11-15T21:55:53.071546 #24228] ERROR -- : Error downloading image for Mesaerion: The Best Science Fiction Stories 1800-1849: 404 => Net::HTTPNotFound for https://books.toscrape.com/media/cache/media/cache/e8/1f/e81f850db9b9622c65619c9f15748de7.jpg -- unhandled response
E, [2024-11-15T21:55:53.070821 #24228] ERROR -- : Error downloading image for It's Only the Himalayas: 404 => Net::HTTPNotFound for https://books.toscrape.com/media/cache/media/cache/6d/41/6d418a73cc7d4ecfd75ca11d854041db.jpg -- unhandled response
E, [2024-11-15T21:55:53.071790 #24228] ERROR -- : Error downloading image for The Coming Woman: A Novel Based on the Life of the Infamous Feminist, Victoria Woodhull: 404 => Net::HTTPNotFound for https://books.toscrape.com/media/cache/media/cache/97/36/9736132a43b8e6e3989932218ef309ed.jpg -- unhandled response
E, [2024-11-15T21:55:53.072062 #24228] ERROR -- : Error downloading image for The Dirty Little Secrets of Getting Your Dream Job: 404 => Net::HTTPNotFound for https://books.toscrape.com/media/cache/media/cache/e1/1b/e11bea016d0ae1d7e2dd46fb3cb870b7.jpg -- unhandled response
E, [2024-11-15T21:55:53.072305 #24228] ERROR -- : Error downloading image for Olio: 404 => Net::HTTPNotFound for https://books.toscrape.com/media/cache/media/cache/b1/0e/b10eabab1e1c811a6d47969904fd5755.jpg -- unhandled response
E, [2024-11-15T21:55:53.072526 #24228] ERROR -- : Error downloading image for Set Me Free: 404 => Net::HTTPNotFound for https://books.toscrape.com/media/cache/media/cache/b8/e9/b8e91bd2fc74c3954118999238abb4b8.jpg -- unhandled response
E, [2024-11-15T21:55:53.072778 #24228] ERROR -- : Error downloading image for Sharp Objects: 404 => Net::HTTPNotFound for https://books.toscrape.com/media/cache/media/cache/c0/59/c05972805aa7201171b8fc71a5b00292.jpg -- unhandled response
E, [2024-11-15T21:55:53.073027 #24228] ERROR -- : Error downloading image for Libertarianism for Beginners: 404 => Net::HTTPNotFound for https://books.toscrape.com/media/cache/media/cache/91/a4/91a46253e165d144ef5938f2d456b88f.jpg -- unhandled response
E, [2024-11-15T21:55:53.073292 #24228] ERROR -- : Error downloading image for Shakespeare's Sonnets: 404 => Net::HTTPNotFound for https://books.toscrape.com/media/cache/media/cache/4d/7a/4d7a79a8be80a529b277ed5c4d8ba482.jpg -- unhandled response
E, [2024-11-15T21:55:53.073515 #24228] ERROR -- : Error downloading image for Starving Hearts (Triangular Trade Trilogy, #1): 404 => Net::HTTPNotFound for https://books.toscrape.com/media/cache/media/cache/a0/7e/a07ed8f1c23f7b4baf7102722680bd30.jpg -- unhandled response
E, [2024-11-15T21:55:53.073748 #24228] ERROR -- : Error downloading image for Scott Pilgrim's Precious Little Life (Scott Pilgrim #1): 404 => Net::HTTPNotFound for https://books.toscrape.com/media/cache/media/cache/97/27/97275841c81e66d53bf9313cba06f23e.jpg -- unhandled response
E, [2024-11-15T21:55:53.073997 #24228] ERROR -- : Error downloading image for Sapiens: A Brief History of Humankind: 404 => Net::HTTPNotFound for https://books.toscrape.com/media/cache/media/cache/ce/5f/ce5f052c65cc963cf4422be096e915c9.jpg -- unhandled response
E, [2024-11-15T21:55:53.074229 #24228] ERROR -- : Error downloading image for The Black Maria: 404 => Net::HTTPNotFound for https://books.toscrape.com/media/cache/media/cache/d1/7a/d17a3e313e52e1be5651719e4fba1d16.jpg -- unhandled response
E, [2024-11-15T21:55:53.074498 #24228] ERROR -- : Error downloading image for The Boys in the Boat: Nine Americans and Their Epic Quest for Gold at the 1936 Berlin Olympics: 404 => Net::HTTPNotFound for https://books.toscrape.com/media/cache/media/cache/d1/2d/d12d26739b5369a6b5b3024e4d08f907.jpg -- unhandled response
E, [2024-11-15T21:55:53.074725 #24228] ERROR -- : Error downloading image for Soumission: 404 => Net::HTTPNotFound for https://books.toscrape.com/media/cache/media/cache/ee/cf/eecfe998905e455df12064dba399c075.jpg -- unhandled response
E, [2024-11-15T21:55:53.070380 #24228] ERROR -- : Error downloading image for The Requiem Red: 404 => Net::HTTPNotFound for https://books.toscrape.com/media/cache/media/cache/6b/07/6b07b77236b7c80f42bd90bf325e69f6.jpg -- unhandled response
E, [2024-11-15T22:16:10.576231 #20876] ERROR -- : Error downloading image for Rip it Up and Start Again: 404 => Net::HTTPNotFound for https://books.toscrape.com/media/cache/media/cache/81/7f/817f5089c0e6e62738dce2931e7323d3.jpg -- unhandled response
E, [2024-11-15T22:16:10.578566 #20876] ERROR -- : Error downloading image for Set Me Free: 404 => Net::HTTPNotFound for https://books.toscrape.com/media/cache/media/cache/b8/e9/b8e91bd2fc74c3954118999238abb4b8.jpg -- unhandled response
E, [2024-11-15T22:16:10.576806 #20876] ERROR -- : Error downloading image for The Coming Woman: A Novel Based on the Life of the Infamous Feminist, Victoria Woodhull: 404 => Net::HTTPNotFound for https://books.toscrape.com/media/cache/media/cache/97/36/9736132a43b8e6e3989932218ef309ed.jpg -- unhandled response
E, [2024-11-15T22:16:10.577049 #20876] ERROR -- : Error downloading image for The Requiem Red: 404 => Net::HTTPNotFound for https://books.toscrape.com/media/cache/media/cache/6b/07/6b07b77236b7c80f42bd90bf325e69f6.jpg -- unhandled response
E, [2024-11-15T22:16:10.577295 #20876] ERROR -- : Error downloading image for The Dirty Little Secrets of Getting Your Dream Job: 404 => Net::HTTPNotFound for https://books.toscrape.com/media/cache/media/cache/e1/1b/e11bea016d0ae1d7e2dd46fb3cb870b7.jpg -- unhandled response
E, [2024-11-15T22:16:10.577532 #20876] ERROR -- : Error downloading image for Our Band Could Be Your Life: Scenes from the American Indie Underground, 1981-1991: 404 => Net::HTTPNotFound for https://books.toscrape.com/media/cache/media/cache/ad/96/ad96e9c9f1664cbcb0e9627b007fb6f9.jpg -- unhandled response
E, [2024-11-15T22:16:10.577787 #20876] ERROR -- : Error downloading image for Mesaerion: The Best Science Fiction Stories 1800-1849: 404 => Net::HTTPNotFound for https://books.toscrape.com/media/cache/media/cache/e8/1f/e81f850db9b9622c65619c9f15748de7.jpg -- unhandled response
E, [2024-11-15T22:16:10.578038 #20876] ERROR -- : Error downloading image for The Boys in the Boat: Nine Americans and Their Epic Quest for Gold at the 1936 Berlin Olympics: 404 => Net::HTTPNotFound for https://books.toscrape.com/media/cache/media/cache/d1/2d/d12d26739b5369a6b5b3024e4d08f907.jpg -- unhandled response
E, [2024-11-15T22:16:10.578268 #20876] ERROR -- : Error downloading image for Scott Pilgrim's Precious Little Life (Scott Pilgrim #1): 404 => Net::HTTPNotFound for https://books.toscrape.com/media/cache/media/cache/97/27/97275841c81e66d53bf9313cba06f23e.jpg -- unhandled response
E, [2024-11-15T22:16:10.578811 #20876] ERROR -- : Error downloading image for Olio: 404 => Net::HTTPNotFound for https://books.toscrape.com/media/cache/media/cache/b1/0e/b10eabab1e1c811a6d47969904fd5755.jpg -- unhandled response
E, [2024-11-15T22:16:10.576556 #20876] ERROR -- : Error downloading image for Sharp Objects: 404 => Net::HTTPNotFound for https://books.toscrape.com/media/cache/media/cache/c0/59/c05972805aa7201171b8fc71a5b00292.jpg -- unhandled response
E, [2024-11-15T22:17:23.208279 #300] ERROR -- : Error downloading image for Scott Pilgrim's Precious Little Life (Scott Pilgrim #1): 404 => Net::HTTPNotFound for https://books.toscrape.com/media/cache/media/cache/97/27/97275841c81e66d53bf9313cba06f23e.jpg -- unhandled response
E, [2024-11-15T22:17:23.208558 #300] ERROR -- : Error downloading image for The Dirty Little Secrets of Getting Your Dream Job: 404 => Net::HTTPNotFound for https://books.toscrape.com/media/cache/media/cache/e1/1b/e11bea016d0ae1d7e2dd46fb3cb870b7.jpg -- unhandled response
E, [2024-11-15T22:17:23.208804 #300] ERROR -- : Error downloading image for Libertarianism for Beginners: 404 => Net::HTTPNotFound for https://books.toscrape.com/media/cache/media/cache/91/a4/91a46253e165d144ef5938f2d456b88f.jpg -- unhandled response
E, [2024-11-15T22:17:23.209023 #300] ERROR -- : Error downloading image for Soumission: 404 => Net::HTTPNotFound for https://books.toscrape.com/media/cache/media/cache/ee/cf/eecfe998905e455df12064dba399c075.jpg -- unhandled response
E, [2024-11-15T22:17:23.209558 #300] ERROR -- : Error downloading image for Sapiens: A Brief History of Humankind: 404 => Net::HTTPNotFound for https://books.toscrape.com/media/cache/media/cache/ce/5f/ce5f052c65cc963cf4422be096e915c9.jpg -- unhandled response
E, [2024-11-15T22:17:23.209787 #300] ERROR -- : Error downloading image for Mesaerion: The Best Science Fiction Stories 1800-1849: 404 => Net::HTTPNotFound for https://books.toscrape.com/media/cache/media/cache/e8/1f/e81f850db9b9622c65619c9f15748de7.jpg -- unhandled response
E, [2024-11-15T22:17:23.210014 #300] ERROR -- : Error downloading image for It's Only the Himalayas: 404 => Net::HTTPNotFound for https://books.toscrape.com/media/cache/media/cache/6d/41/6d418a73cc7d4ecfd75ca11d854041db.jpg -- unhandled response
E, [2024-11-15T22:17:23.210234 #300] ERROR -- : Error downloading image for Our Band Could Be Your Life: Scenes from the American Indie Underground, 1981-1991: 404 => Net::HTTPNotFound for https://books.toscrape.com/media/cache/media/cache/ad/96/ad96e9c9f1664cbcb0e9627b007fb6f9.jpg -- unhandled response
E, [2024-11-15T22:17:23.210478 #300] ERROR -- : Error downloading image for The Coming Woman: A Novel Based on the Life of the Infamous Feminist, Victoria Woodhull: 404 => Net::HTTPNotFound for https://books.toscrape.com/media/cache/media/cache/97/36/9736132a43b8e6e3989932218ef309ed.jpg -- unhandled response
E, [2024-11-15T22:17:23.210707 #300] ERROR -- : Error downloading image for Olio: 404 => Net::HTTPNotFound for https://books.toscrape.com/media/cache/media/cache/b1/0e/b10eabab1e1c811a6d47969904fd5755.jpg -- unhandled response
E, [2024-11-15T22:17:23.210911 #300] ERROR -- : Error downloading image for The Boys in the Boat: Nine Americans and Their Epic Quest for Gold at the 1936 Berlin Olympics: 404 => Net::HTTPNotFound for https://books.toscrape.com/media/cache/media/cache/d1/2d/d12d26739b5369a6b5b3024e4d08f907.jpg -- unhandled response
E, [2024-11-15T22:22:38.399971 #18184] ERROR -- : Error downloading image for Starving Hearts (Triangular Trade Trilogy, #1): 404 => Net::HTTPNotFound for https://books.toscrape.com/media/cache/media/cache/a0/7e/a07ed8f1c23f7b4baf7102722680bd30.jpg -- unhandled response
E, [2024-11-15T22:23:59.904195 #15436] ERROR -- : Error downloading image for Set Me Free: 404 => Net::HTTPNotFound for https://books.toscrape.com/media/cache/media/cache/b8/e9/b8e91bd2fc74c3954118999238abb4b8.jpg -- unhandled response
E, [2024-11-15T22:38:38.885205 #18912] ERROR -- : Error downloading image for Olio: 404 => Net::HTTPNotFound for https://books.toscrape.com/media/cache/media/cache/b1/0e/b10eabab1e1c811a6d47969904fd5755.jpg -- unhandled response
E, [2024-11-15T22:38:38.885564 #18912] ERROR -- : Error downloading image for The Dirty Little Secrets of Getting Your Dream Job: 404 => Net::HTTPNotFound for https://books.toscrape.com/media/cache/media/cache/e1/1b/e11bea016d0ae1d7e2dd46fb3cb870b7.jpg -- unhandled response
E, [2024-11-15T22:38:38.885801 #18912] ERROR -- : Error downloading image for Starving Hearts (Triangular Trade Trilogy, #1): 404 => Net::HTTPNotFound for https://books.toscrape.com/media/cache/media/cache/a0/7e/a07ed8f1c23f7b4baf7102722680bd30.jpg -- unhandled response
E, [2024-11-15T22:38:38.886007 #18912] ERROR -- : Error downloading image for Rip it Up and Start Again: 404 => Net::HTTPNotFound for https://books.toscrape.com/media/cache/media/cache/81/7f/817f5089c0e6e62738dce2931e7323d3.jpg -- unhandled response
E, [2024-11-15T22:38:38.886224 #18912] ERROR -- : Error downloading image for Sapiens: A Brief History of Humankind: 404 => Net::HTTPNotFound for https://books.toscrape.com/media/cache/media/cache/ce/5f/ce5f052c65cc963cf4422be096e915c9.jpg -- unhandled response
E, [2024-11-15T22:38:38.886411 #18912] ERROR -- : Error downloading image for Soumission: 404 => Net::HTTPNotFound for https://books.toscrape.com/media/cache/media/cache/ee/cf/eecfe998905e455df12064dba399c075.jpg -- unhandled response
E, [2024-11-15T22:38:38.886613 #18912] ERROR -- : Error downloading image for Scott Pilgrim's Precious Little Life (Scott Pilgrim #1): 404 => Net::HTTPNotFound for https://books.toscrape.com/media/cache/media/cache/97/27/97275841c81e66d53bf9313cba06f23e.jpg -- unhandled response
E, [2024-11-15T22:38:38.886802 #18912] ERROR -- : Error downloading image for Libertarianism for Beginners: 404 => Net::HTTPNotFound for https://books.toscrape.com/media/cache/media/cache/91/a4/91a46253e165d144ef5938f2d456b88f.jpg -- unhandled response
E, [2024-11-15T22:38:38.886989 #18912] ERROR -- : Error downloading image for It's Only the Himalayas: 404 => Net::HTTPNotFound for https://books.toscrape.com/media/cache/media/cache/6d/41/6d418a73cc7d4ecfd75ca11d854041db.jpg -- unhandled response
E, [2024-11-15T22:38:38.887178 #18912] ERROR -- : Error downloading image for The Coming Woman: A Novel Based on the Life of the Infamous Feminist, Victoria Woodhull: 404 => Net::HTTPNotFound for https://books.toscrape.com/media/cache/media/cache/97/36/9736132a43b8e6e3989932218ef309ed.jpg -- unhandled response
E, [2024-11-15T22:38:38.900079 #18912] ERROR -- : Error downloading image for Mesaerion: The Best Science Fiction Stories 1800-1849: 404 => Net::HTTPNotFound for https://books.toscrape.com/media/cache/media/cache/e8/1f/e81f850db9b9622c65619c9f15748de7.jpg -- unhandled response
E, [2024-11-15T22:38:38.901461 #18912] ERROR -- : Error downloading image for The Black Maria: 404 => Net::HTTPNotFound for https://books.toscrape.com/media/cache/media/cache/d1/7a/d17a3e313e52e1be5651719e4fba1d16.jpg -- unhandled response
E, [2024-11-15T22:38:38.900683 #18912] ERROR -- : Error downloading image for The Boys in the Boat: Nine Americans and Their Epic Quest for Gold at the 1936 Berlin Olympics: 404 => Net::HTTPNotFound for https://books.toscrape.com/media/cache/media/cache/d1/2d/d12d26739b5369a6b5b3024e4d08f907.jpg -- unhandled response
E, [2024-11-15T22:38:38.900922 #18912] ERROR -- : Error downloading image for Shakespeare's Sonnets: 404 => Net::HTTPNotFound for https://books.toscrape.com/media/cache/media/cache/4d/7a/4d7a79a8be80a529b277ed5c4d8ba482.jpg -- unhandled response
E, [2024-11-15T22:38:38.901166 #18912] ERROR -- : Error downloading image for Our Band Could Be Your Life: Scenes from the American Indie Underground, 1981-1991: 404 => Net::HTTPNotFound for https://books.toscrape.com/media/cache/media/cache/ad/96/ad96e9c9f1664cbcb0e9627b007fb6f9.jpg -- unhandled response
E, [2024-11-15T22:38:38.901714 #18912] ERROR -- : Error downloading image for Set Me Free: 404 => Net::HTTPNotFound for https://books.toscrape.com/media/cache/media/cache/b8/e9/b8e91bd2fc74c3954118999238abb4b8.jpg -- unhandled response
E, [2024-11-15T22:38:38.900421 #18912] ERROR -- : Error downloading image for Sharp Objects: 404 => Net::HTTPNotFound for https://books.toscrape.com/media/cache/media/cache/c0/59/c05972805aa7201171b8fc71a5b00292.jpg -- unhandled response
E, [2024-11-16T13:59:10.265336 #44336] ERROR -- : Error downloading image for Libertarianism for Beginners: 404 => Net::HTTPNotFound for https://books.toscrape.com/media/cache/media/cache/91/a4/91a46253e165d144ef5938f2d456b88f.jpg -- unhandled response
E, [2024-11-16T13:59:10.326196 #44336] ERROR -- : Error saving to SQLite: undefined method `execute' for an instance of Mongo::Client
E, [2024-11-16T13:59:40.952901 #26628] ERROR -- : Error saving to SQLite: undefined method `execute' for an instance of Mongo::Client
E, [2024-11-16T14:00:17.096973 #46656] ERROR -- : Error downloading image for The Black Maria: 404 => Net::HTTPNotFound for https://books.toscrape.com/media/cache/media/cache/d1/7a/d17a3e313e52e1be5651719e4fba1d16.jpg -- unhandled response
E, [2024-11-16T14:00:17.101450 #46656] ERROR -- : Error downloading image for Shakespeare's Sonnets: 404 => Net::HTTPNotFound for https://books.toscrape.com/media/cache/media/cache/4d/7a/4d7a79a8be80a529b277ed5c4d8ba482.jpg -- unhandled response
E, [2024-11-16T14:00:17.097772 #46656] ERROR -- : Error downloading image for The Coming Woman: A Novel Based on the Life of the Infamous Feminist, Victoria Woodhull: 404 => Net::HTTPNotFound for https://books.toscrape.com/media/cache/media/cache/97/36/9736132a43b8e6e3989932218ef309ed.jpg -- unhandled response
E, [2024-11-16T14:00:17.098032 #46656] ERROR -- : Error downloading image for Rip it Up and Start Again: 404 => Net::HTTPNotFound for https://books.toscrape.com/media/cache/media/cache/81/7f/817f5089c0e6e62738dce2931e7323d3.jpg -- unhandled response
E, [2024-11-16T14:00:17.098324 #46656] ERROR -- : Error downloading image for Olio: 404 => Net::HTTPNotFound for https://books.toscrape.com/media/cache/media/cache/b1/0e/b10eabab1e1c811a6d47969904fd5755.jpg -- unhandled response
E, [2024-11-16T14:00:17.098561 #46656] ERROR -- : Error downloading image for Soumission: 404 => Net::HTTPNotFound for https://books.toscrape.com/media/cache/media/cache/ee/cf/eecfe998905e455df12064dba399c075.jpg -- unhandled response
E, [2024-11-16T14:00:17.098841 #46656] ERROR -- : Error downloading image for The Requiem Red: 404 => Net::HTTPNotFound for https://books.toscrape.com/media/cache/media/cache/6b/07/6b07b77236b7c80f42bd90bf325e69f6.jpg -- unhandled response
E, [2024-11-16T14:00:17.099081 #46656] ERROR -- : Error downloading image for Libertarianism for Beginners: 404 => Net::HTTPNotFound for https://books.toscrape.com/media/cache/media/cache/91/a4/91a46253e165d144ef5938f2d456b88f.jpg -- unhandled response
E, [2024-11-16T14:00:17.099393 #46656] ERROR -- : Error downloading image for Starving Hearts (Triangular Trade Trilogy, #1): 404 => Net::HTTPNotFound for https://books.toscrape.com/media/cache/media/cache/a0/7e/a07ed8f1c23f7b4baf7102722680bd30.jpg -- unhandled response
E, [2024-11-16T14:00:17.099807 #46656] ERROR -- : Error downloading image for The Dirty Little Secrets of Getting Your Dream Job: 404 => Net::HTTPNotFound for https://books.toscrape.com/media/cache/media/cache/e1/1b/e11bea016d0ae1d7e2dd46fb3cb870b7.jpg -- unhandled response
E, [2024-11-16T14:00:17.100173 #46656] ERROR -- : Error downloading image for Our Band Could Be Your Life: Scenes from the American Indie Underground, 1981-1991: 404 => Net::HTTPNotFound for https://books.toscrape.com/media/cache/media/cache/ad/96/ad96e9c9f1664cbcb0e9627b007fb6f9.jpg -- unhandled response
E, [2024-11-16T14:00:17.100537 #46656] ERROR -- : Error downloading image for The Boys in the Boat: Nine Americans and Their Epic Quest for Gold at the 1936 Berlin Olympics: 404 => Net::HTTPNotFound for https://books.toscrape.com/media/cache/media/cache/d1/2d/d12d26739b5369a6b5b3024e4d08f907.jpg -- unhandled response
E, [2024-11-16T14:00:17.100853 #46656] ERROR -- : Error downloading image for Mesaerion: The Best Science Fiction Stories 1800-1849: 404 => Net::HTTPNotFound for https://books.toscrape.com/media/cache/media/cache/e8/1f/e81f850db9b9622c65619c9f15748de7.jpg -- unhandled response
E, [2024-11-16T14:00:17.097352 #46656] ERROR -- : Error downloading image for It's Only the Himalayas: 404 => Net::HTTPNotFound for https://books.toscrape.com/media/cache/media/cache/6d/41/6d418a73cc7d4ecfd75ca11d854041db.jpg -- unhandled response
E, [2024-11-16T19:21:27.260533 #40240] ERROR -- : Error saving to MongoDB: undefined method `[]' for an instance of SQLite3::Database
E, [2024-11-16T19:21:27.315087 #40240] ERROR -- : Error saving to MongoDB: undefined method `[]' for an instance of SQLite3::Database
E, [2024-11-16T19:24:02.755064 #19276] ERROR -- : Error saving to MongoDB: undefined method `[]' for an instance of SQLite3::Database
E, [2024-11-16T19:24:02.798162 #19276] ERROR -- : Error saving to MongoDB: undefined method `[]' for an instance of SQLite3::Database
E, [2024-11-16T19:44:13.305972 #2080] ERROR -- : Error downloading image for Shakespeare's Sonnets: 404 => Net::HTTPNotFound for https://books.toscrape.com/media/cache/media/cache/4d/7a/4d7a79a8be80a529b277ed5c4d8ba482.jpg -- unhandled response
E, [2024-11-16T19:44:13.306731 #2080] ERROR -- : Error downloading image for Libertarianism for Beginners: 404 => Net::HTTPNotFound for https://books.toscrape.com/media/cache/media/cache/91/a4/91a46253e165d144ef5938f2d456b88f.jpg -- unhandled response
E, [2024-11-16T19:44:13.307312 #2080] ERROR -- : Error downloading image for Sharp Objects: 404 => Net::HTTPNotFound for https://books.toscrape.com/media/cache/media/cache/c0/59/c05972805aa7201171b8fc71a5b00292.jpg -- unhandled response
E, [2024-11-16T19:44:13.615184 #2080] ERROR -- : Error downloading image for It's Only the Himalayas: 404 => Net::HTTPNotFound for https://books.toscrape.com/media/cache/media/cache/6d/41/6d418a73cc7d4ecfd75ca11d854041db.jpg -- unhandled response
E, [2024-11-16T19:44:13.616972 #2080] ERROR -- : Error downloading image for Set Me Free: 404 => Net::HTTPNotFound for https://books.toscrape.com/media/cache/media/cache/b8/e9/b8e91bd2fc74c3954118999238abb4b8.jpg -- unhandled response
E, [2024-11-16T19:44:13.617421 #2080] ERROR -- : Error downloading image for Our Band Could Be Your Life: Scenes from the American Indie Underground, 1981-1991: 404 => Net::HTTPNotFound for https://books.toscrape.com/media/cache/media/cache/ad/96/ad96e9c9f1664cbcb0e9627b007fb6f9.jpg -- unhandled response
E, [2024-11-16T19:44:13.618306 #2080] ERROR -- : Error downloading image for The Coming Woman: A Novel Based on the Life of the Infamous Feminist, Victoria Woodhull: 404 => Net::HTTPNotFound for https://books.toscrape.com/media/cache/media/cache/97/36/9736132a43b8e6e3989932218ef309ed.jpg -- unhandled response
E, [2024-11-16T19:45:58.114130 #10864] ERROR -- : Error downloading image for Tipping the Velvet: 404 => Net::HTTPNotFound for https://books.toscrape.com/media/cache/media/cache/08/e9/08e94f3731d7d6b760dfbfbc02ca5c62.jpg -- unhandled response
E, [2024-11-16T19:45:58.118735 #10864] ERROR -- : Error downloading image for The Black Maria: 404 => Net::HTTPNotFound for https://books.toscrape.com/media/cache/media/cache/d1/7a/d17a3e313e52e1be5651719e4fba1d16.jpg -- unhandled response
E, [2024-11-16T19:45:58.115475 #10864] ERROR -- : Error downloading image for Soumission: 404 => Net::HTTPNotFound for https://books.toscrape.com/media/cache/media/cache/ee/cf/eecfe998905e455df12064dba399c075.jpg -- unhandled response
E, [2024-11-16T19:45:58.116091 #10864] ERROR -- : Error downloading image for The Dirty Little Secrets of Getting Your Dream Job: 404 => Net::HTTPNotFound for https://books.toscrape.com/media/cache/media/cache/e1/1b/e11bea016d0ae1d7e2dd46fb3cb870b7.jpg -- unhandled response
E, [2024-11-16T19:45:58.116558 #10864] ERROR -- : Error downloading image for Mesaerion: The Best Science Fiction Stories 1800-1849: 404 => Net::HTTPNotFound for https://books.toscrape.com/media/cache/media/cache/e8/1f/e81f850db9b9622c65619c9f15748de7.jpg -- unhandled response
E, [2024-11-16T19:45:58.117020 #10864] ERROR -- : Error downloading image for Sharp Objects: 404 => Net::HTTPNotFound for https://books.toscrape.com/media/cache/media/cache/c0/59/c05972805aa7201171b8fc71a5b00292.jpg -- unhandled response
E, [2024-11-16T19:45:58.117434 #10864] ERROR -- : Error downloading image for Scott Pilgrim's Precious Little Life (Scott Pilgrim #1): 404 => Net::HTTPNotFound for https://books.toscrape.com/media/cache/media/cache/97/27/97275841c81e66d53bf9313cba06f23e.jpg -- unhandled response
E, [2024-11-16T19:45:58.117997 #10864] ERROR -- : Error downloading image for Our Band Could Be Your Life: Scenes from the American Indie Underground, 1981-1991: 404 => Net::HTTPNotFound for https://books.toscrape.com/media/cache/media/cache/ad/96/ad96e9c9f1664cbcb0e9627b007fb6f9.jpg -- unhandled response
E, [2024-11-16T19:45:58.114788 #10864] ERROR -- : Error downloading image for Olio: 404 => Net::HTTPNotFound for https://books.toscrape.com/media/cache/media/cache/b1/0e/b10eabab1e1c811a6d47969904fd5755.jpg -- unhandled response
E, [2024-11-16T19:45:58.323383 #10864] ERROR -- : Error saving to MongoDB: undefined method `[]' for an instance of SQLite3::Database
E, [2024-11-16T19:45:58.344646 #10864] ERROR -- : Error saving to MongoDB: undefined method `[]' for an instance of SQLite3::Database
E, [2024-11-16T19:46:52.585970 #46128] ERROR -- : Error saving to MongoDB: undefined method `[]' for an instance of SQLite3::Database
E, [2024-11-16T19:46:52.608483 #46128] ERROR -- : Error saving to MongoDB: undefined method `[]' for an instance of SQLite3::Database
E, [2024-11-16T19:47:38.500659 #20116] ERROR -- : Error saving to MongoDB: undefined method `[]' for an instance of SQLite3::Database
E, [2024-11-17T19:39:33.896788 #9408] ERROR -- : Error downloading image for The Requiem Red: 404 => Net::HTTPNotFound for https://books.toscrape.com/media/cache/media/cache/6b/07/6b07b77236b7c80f42bd90bf325e69f6.jpg -- unhandled response
E, [2024-11-17T19:44:51.312701 #13904] ERROR -- : Error downloading image for It's Only the Himalayas: 404 => Net::HTTPNotFound for https://books.toscrape.com/media/cache/media/cache/6d/41/6d418a73cc7d4ecfd75ca11d854041db.jpg -- unhandled response
E, [2024-11-17T19:44:51.313074 #13904] ERROR -- : Error downloading image for Our Band Could Be Your Life: Scenes from the American Indie Underground, 1981-1991: 404 => Net::HTTPNotFound for https://books.toscrape.com/media/cache/media/cache/ad/96/ad96e9c9f1664cbcb0e9627b007fb6f9.jpg -- unhandled response
E, [2024-11-17T19:44:51.313299 #13904] ERROR -- : Error downloading image for Set Me Free: 404 => Net::HTTPNotFound for https://books.toscrape.com/media/cache/media/cache/b8/e9/b8e91bd2fc74c3954118999238abb4b8.jpg -- unhandled response
E, [2024-11-17T19:44:51.313507 #13904] ERROR -- : Error downloading image for Libertarianism for Beginners: 404 => Net::HTTPNotFound for https://books.toscrape.com/media/cache/media/cache/91/a4/91a46253e165d144ef5938f2d456b88f.jpg -- unhandled response
E, [2024-11-17T19:44:51.313722 #13904] ERROR -- : Error downloading image for Sharp Objects: 404 => Net::HTTPNotFound for https://books.toscrape.com/media/cache/media/cache/c0/59/c05972805aa7201171b8fc71a5b00292.jpg -- unhandled response
E, [2024-11-17T19:44:51.313924 #13904] ERROR -- : Error downloading image for Rip it Up and Start Again: 404 => Net::HTTPNotFound for https://books.toscrape.com/media/cache/media/cache/81/7f/817f5089c0e6e62738dce2931e7323d3.jpg -- unhandled response
E, [2024-11-17T19:44:51.314130 #13904] ERROR -- : Error downloading image for The Requiem Red: 404 => Net::HTTPNotFound for https://books.toscrape.com/media/cache/media/cache/6b/07/6b07b77236b7c80f42bd90bf325e69f6.jpg -- unhandled response
E, [2024-11-17T19:44:51.314363 #13904] ERROR -- : Error downloading image for Olio: 404 => Net::HTTPNotFound for https://books.toscrape.com/media/cache/media/cache/b1/0e/b10eabab1e1c811a6d47969904fd5755.jpg -- unhandled response
E, [2024-11-17T19:44:51.314580 #13904] ERROR -- : Error downloading image for Starving Hearts (Triangular Trade Trilogy, #1): 404 => Net::HTTPNotFound for https://books.toscrape.com/media/cache/media/cache/a0/7e/a07ed8f1c23f7b4baf7102722680bd30.jpg -- unhandled response
E, [2024-11-17T19:44:51.314782 #13904] ERROR -- : Error downloading image for The Black Maria: 404 => Net::HTTPNotFound for https://books.toscrape.com/media/cache/media/cache/d1/7a/d17a3e313e52e1be5651719e4fba1d16.jpg -- unhandled response
E, [2024-11-17T19:44:51.315018 #13904] ERROR -- : Error downloading image for Scott Pilgrim's Precious Little Life (Scott Pilgrim #1): 404 => Net::HTTPNotFound for https://books.toscrape.com/media/cache/media/cache/97/27/97275841c81e66d53bf9313cba06f23e.jpg -- unhandled response
E, [2024-11-17T19:44:51.315242 #13904] ERROR -- : Error downloading image for The Coming Woman: A Novel Based on the Life of the Infamous Feminist, Victoria Woodhull: 404 => Net::HTTPNotFound for https://books.toscrape.com/media/cache/media/cache/97/36/9736132a43b8e6e3989932218ef309ed.jpg -- unhandled response
E, [2024-11-17T20:58:37.833382 #23044] ERROR -- : Error downloading image for The Dirty Little Secrets of Getting Your Dream Job: 404 => Net::HTTPNotFound for https://books.toscrape.com/media/cache/media/cache/e1/1b/e11bea016d0ae1d7e2dd46fb3cb870b7.jpg -- unhandled response
E, [2024-11-17T20:58:37.833695 #23044] ERROR -- : Error downloading image for Scott Pilgrim's Precious Little Life (Scott Pilgrim #1): 404 => Net::HTTPNotFound for https://books.toscrape.com/media/cache/media/cache/97/27/97275841c81e66d53bf9313cba06f23e.jpg -- unhandled response
E, [2024-11-17T20:58:37.834219 #23044] ERROR -- : Error downloading image for The Boys in the Boat: Nine Americans and Their Epic Quest for Gold at the 1936 Berlin Olympics: 404 => Net::HTTPNotFound for https://books.toscrape.com/media/cache/media/cache/d1/2d/d12d26739b5369a6b5b3024e4d08f907.jpg -- unhandled response
E, [2024-11-17T20:58:37.834866 #23044] ERROR -- : Error downloading image for The Coming Woman: A Novel Based on the Life of the Infamous Feminist, Victoria Woodhull: 404 => Net::HTTPNotFound for https://books.toscrape.com/media/cache/media/cache/97/36/9736132a43b8e6e3989932218ef309ed.jpg -- unhandled response
E, [2024-11-17T20:58:37.835274 #23044] ERROR -- : Error downloading image for Sapiens: A Brief History of Humankind: 404 => Net::HTTPNotFound for https://books.toscrape.com/media/cache/media/cache/ce/5f/ce5f052c65cc963cf4422be096e915c9.jpg -- unhandled response
E, [2024-11-18T14:00:25.782632 #17320] ERROR -- : Error downloading image for The Coming Woman: A Novel Based on the Life of the Infamous Feminist, Victoria Woodhull: 404 => Net::HTTPNotFound for https://books.toscrape.com/media/cache/media/cache/97/36/9736132a43b8e6e3989932218ef309ed.jpg -- unhandled response
E, [2024-11-18T14:00:25.782996 #17320] ERROR -- : Error downloading image for It's Only the Himalayas: 404 => Net::HTTPNotFound for https://books.toscrape.com/media/cache/media/cache/6d/41/6d418a73cc7d4ecfd75ca11d854041db.jpg -- unhandled response
E, [2024-11-18T14:00:25.783273 #17320] ERROR -- : Error downloading image for The Dirty Little Secrets of Getting Your Dream Job: 404 => Net::HTTPNotFound for https://books.toscrape.com/media/cache/media/cache/e1/1b/e11bea016d0ae1d7e2dd46fb3cb870b7.jpg -- unhandled response
E, [2024-11-18T20:33:14.450365 #10380] ERROR -- : Error downloading image for Scott Pilgrim's Precious Little Life (Scott Pilgrim #1): 404 => Net::HTTPNotFound for https://books.toscrape.com/media/cache/media/cache/97/27/97275841c81e66d53bf9313cba06f23e.jpg -- unhandled response
E, [2024-11-18T23:08:13.042299 #12604] ERROR -- : Error downloading image for Set Me Free: 404 => Net::HTTPNotFound for https://books.toscrape.com/media/cache/media/cache/b8/e9/b8e91bd2fc74c3954118999238abb4b8.jpg -- unhandled response
E, [2024-11-18T23:08:13.047635 #12604] ERROR -- : Error downloading image for The Black Maria: 404 => Net::HTTPNotFound for https://books.toscrape.com/media/cache/media/cache/d1/7a/d17a3e313e52e1be5651719e4fba1d16.jpg -- unhandled response
E, [2024-11-18T23:08:13.044197 #12604] ERROR -- : Error downloading image for Shakespeare's Sonnets: 404 => Net::HTTPNotFound for https://books.toscrape.com/media/cache/media/cache/4d/7a/4d7a79a8be80a529b277ed5c4d8ba482.jpg -- unhandled response
E, [2024-11-18T23:08:13.045009 #12604] ERROR -- : Error downloading image for Soumission: 404 => Net::HTTPNotFound for https://books.toscrape.com/media/cache/media/cache/ee/cf/eecfe998905e455df12064dba399c075.jpg -- unhandled response
E, [2024-11-18T23:08:13.045376 #12604] ERROR -- : Error downloading image for Mesaerion: The Best Science Fiction Stories 1800-1849: 404 => Net::HTTPNotFound for https://books.toscrape.com/media/cache/media/cache/e8/1f/e81f850db9b9622c65619c9f15748de7.jpg -- unhandled response
E, [2024-11-18T23:08:13.048824 #12604] ERROR -- : Error downloading image for The Coming Woman: A Novel Based on the Life of the Infamous Feminist, Victoria Woodhull: 404 => Net::HTTPNotFound for https://books.toscrape.com/media/cache/media/cache/97/36/9736132a43b8e6e3989932218ef309ed.jpg -- unhandled response
E, [2024-11-18T23:08:13.049336 #12604] ERROR -- : Error downloading image for Sapiens: A Brief History of Humankind: 404 => Net::HTTPNotFound for https://books.toscrape.com/media/cache/media/cache/ce/5f/ce5f052c65cc963cf4422be096e915c9.jpg -- unhandled response
E, [2024-11-18T23:08:13.043614 #12604] ERROR -- : Error downloading image for Sharp Objects: 404 => Net::HTTPNotFound for https://books.toscrape.com/media/cache/media/cache/c0/59/c05972805aa7201171b8fc71a5b00292.jpg -- unhandled response
E, [2024-11-18T23:08:13.057771 #12604] ERROR -- : Error downloading image for Starving Hearts (Triangular Trade Trilogy, #1): 404 => Net::HTTPNotFound for https://books.toscrape.com/media/cache/media/cache/a0/7e/a07ed8f1c23f7b4baf7102722680bd30.jpg -- unhandled response
E, [2024-11-18T23:08:13.060113 #12604] ERROR -- : Error downloading image for It's Only the Himalayas: 404 => Net::HTTPNotFound for https://books.toscrape.com/media/cache/media/cache/6d/41/6d418a73cc7d4ecfd75ca11d854041db.jpg -- unhandled response
E, [2024-11-18T23:08:13.058945 #12604] ERROR -- : Error downloading image for The Dirty Little Secrets of Getting Your Dream Job: 404 => Net::HTTPNotFound for https://books.toscrape.com/media/cache/media/cache/e1/1b/e11bea016d0ae1d7e2dd46fb3cb870b7.jpg -- unhandled response
E, [2024-11-18T23:08:13.059754 #12604] ERROR -- : Error downloading image for Rip it Up and Start Again: 404 => Net::HTTPNotFound for https://books.toscrape.com/media/cache/media/cache/81/7f/817f5089c0e6e62738dce2931e7323d3.jpg -- unhandled response
E, [2024-11-18T23:08:13.061372 #12604] ERROR -- : Error downloading image for The Requiem Red: 404 => Net::HTTPNotFound for https://books.toscrape.com/media/cache/media/cache/6b/07/6b07b77236b7c80f42bd90bf325e69f6.jpg -- unhandled response
E, [2024-11-18T23:08:13.062961 #12604] ERROR -- : Error downloading image for Olio: 404 => Net::HTTPNotFound for https://books.toscrape.com/media/cache/media/cache/b1/0e/b10eabab1e1c811a6d47969904fd5755.jpg -- unhandled response
E, [2024-11-18T23:08:13.058589 #12604] ERROR -- : Error downloading image for Our Band Could Be Your Life: Scenes from the American Indie Underground, 1981-1991: 404 => Net::HTTPNotFound for https://books.toscrape.com/media/cache/media/cache/ad/96/ad96e9c9f1664cbcb0e9627b007fb6f9.jpg -- unhandled response
E, [2024-11-18T23:21:02.154351 #20216] ERROR -- : Error downloading image for Starving Hearts (Triangular Trade Trilogy, #1): 404 => Net::HTTPNotFound for https://books.toscrape.com/media/cache/media/cache/a0/7e/a07ed8f1c23f7b4baf7102722680bd30.jpg -- unhandled response
E, [2024-11-18T23:21:02.154773 #20216] ERROR -- : Error downloading image for The Boys in the Boat: Nine Americans and Their Epic Quest for Gold at the 1936 Berlin Olympics: 404 => Net::HTTPNotFound for https://books.toscrape.com/media/cache/media/cache/d1/2d/d12d26739b5369a6b5b3024e4d08f907.jpg -- unhandled response
E, [2024-11-18T23:21:02.155846 #20216] ERROR -- : Error downloading image for Sapiens: A Brief History of Humankind: 404 => Net::HTTPNotFound for https://books.toscrape.com/media/cache/media/cache/ce/5f/ce5f052c65cc963cf4422be096e915c9.jpg -- unhandled response
E, [2024-11-18T23:21:02.156211 #20216] ERROR -- : Error downloading image for Rip it Up and Start Again: 404 => Net::HTTPNotFound for https://books.toscrape.com/media/cache/media/cache/81/7f/817f5089c0e6e62738dce2931e7323d3.jpg -- unhandled response
E, [2024-11-18T23:21:02.156891 #20216] ERROR -- : Error downloading image for It's Only the Himalayas: 404 => Net::HTTPNotFound for https://books.toscrape.com/media/cache/media/cache/6d/41/6d418a73cc7d4ecfd75ca11d854041db.jpg -- unhandled response
E, [2024-11-18T23:21:02.157240 #20216] ERROR -- : Error downloading image for The Requiem Red: 404 => Net::HTTPNotFound for https://books.toscrape.com/media/cache/media/cache/6b/07/6b07b77236b7c80f42bd90bf325e69f6.jpg -- unhandled response
E, [2024-11-18T23:21:02.157934 #20216] ERROR -- : Error downloading image for Sharp Objects: 404 => Net::HTTPNotFound for https://books.toscrape.com/media/cache/media/cache/c0/59/c05972805aa7201171b8fc71a5b00292.jpg -- unhandled response
E, [2024-11-18T23:21:02.158871 #20216] ERROR -- : Error downloading image for Libertarianism for Beginners: 404 => Net::HTTPNotFound for https://books.toscrape.com/media/cache/media/cache/91/a4/91a46253e165d144ef5938f2d456b88f.jpg -- unhandled response
E, [2024-11-18T23:21:02.159240 #20216] ERROR -- : Error downloading image for The Black Maria: 404 => Net::HTTPNotFound for https://books.toscrape.com/media/cache/media/cache/d1/7a/d17a3e313e52e1be5651719e4fba1d16.jpg -- unhandled response
E, [2024-11-18T23:21:02.160350 #20216] ERROR -- : Error downloading image for Our Band Could Be Your Life: Scenes from the American Indie Underground, 1981-1991: 404 => Net::HTTPNotFound for https://books.toscrape.com/media/cache/media/cache/ad/96/ad96e9c9f1664cbcb0e9627b007fb6f9.jpg -- unhandled response
E, [2024-11-18T23:21:02.170275 #20216] ERROR -- : Error downloading image for Scott Pilgrim's Precious Little Life (Scott Pilgrim #1): 404 => Net::HTTPNotFound for https://books.toscrape.com/media/cache/media/cache/97/27/97275841c81e66d53bf9313cba06f23e.jpg -- unhandled response
E, [2024-11-18T23:21:02.171070 #20216] ERROR -- : Error downloading image for Shakespeare's Sonnets: 404 => Net::HTTPNotFound for https://books.toscrape.com/media/cache/media/cache/4d/7a/4d7a79a8be80a529b277ed5c4d8ba482.jpg -- unhandled response
E, [2024-11-18T23:21:02.160734 #20216] ERROR -- : Error downloading image for Olio: 404 => Net::HTTPNotFound for https://books.toscrape.com/media/cache/media/cache/b1/0e/b10eabab1e1c811a6d47969904fd5755.jpg -- unhandled response
E, [2024-11-18T23:21:02.161550 #20216] ERROR -- : Error downloading image for Set Me Free: 404 => Net::HTTPNotFound for https://books.toscrape.com/media/cache/media/cache/b8/e9/b8e91bd2fc74c3954118999238abb4b8.jpg -- unhandled response
E, [2024-11-18T23:21:02.162231 #20216] ERROR -- : Error downloading image for The Coming Woman: A Novel Based on the Life of the Infamous Feminist, Victoria Woodhull: 404 => Net::HTTPNotFound for https://books.toscrape.com/media/cache/media/cache/97/36/9736132a43b8e6e3989932218ef309ed.jpg -- unhandled response
E, [2024-11-18T23:21:02.163405 #20216] ERROR -- : Error downloading image for Soumission: 404 => Net::HTTPNotFound for https://books.toscrape.com/media/cache/media/cache/ee/cf/eecfe998905e455df12064dba399c075.jpg -- unhandled response
E, [2024-11-18T23:21:02.163779 #20216] ERROR -- : Error downloading image for The Dirty Little Secrets of Getting Your Dream Job: 404 => Net::HTTPNotFound for https://books.toscrape.com/media/cache/media/cache/e1/1b/e11bea016d0ae1d7e2dd46fb3cb870b7.jpg -- unhandled response
E, [2024-11-18T23:21:02.164533 #20216] ERROR -- : Error downloading image for Mesaerion: The Best Science Fiction Stories 1800-1849: 404 => Net::HTTPNotFound for https://books.toscrape.com/media/cache/media/cache/e8/1f/e81f850db9b9622c65619c9f15748de7.jpg -- unhandled response
E, [2024-11-18T23:24:01.312004 #17560] ERROR -- : Error downloading image for Tipping the Velvet: 404 => Net::HTTPNotFound for https://books.toscrape.com/media/cache/media/cache/08/e9/08e94f3731d7d6b760dfbfbc02ca5c62.jpg -- unhandled response
E, [2024-11-18T23:24:09.492579 #17560] ERROR -- : Error downloading image for The Boys in the Boat: Nine Americans and Their Epic Quest for Gold at the 1936 Berlin Olympics: 404 => Net::HTTPNotFound for https://books.toscrape.com/media/cache/media/cache/d1/2d/d12d26739b5369a6b5b3024e4d08f907.jpg -- unhandled response
E, [2024-11-18T23:27:32.666646 #8304] ERROR -- : Error downloading image for Our Band Could Be Your Life: Scenes from the American Indie Underground, 1981-1991: 404 => Net::HTTPNotFound for https://books.toscrape.com/media/cache/media/cache/ad/96/ad96e9c9f1664cbcb0e9627b007fb6f9.jpg -- unhandled response
E, [2024-11-18T23:27:32.668580 #8304] ERROR -- : Error downloading image for Mesaerion: The Best Science Fiction Stories 1800-1849: 404 => Net::HTTPNotFound for https://books.toscrape.com/media/cache/media/cache/e8/1f/e81f850db9b9622c65619c9f15748de7.jpg -- unhandled response
E, [2024-11-18T23:27:32.669533 #8304] ERROR -- : Error downloading image for The Boys in the Boat: Nine Americans and Their Epic Quest for Gold at the 1936 Berlin Olympics: 404 => Net::HTTPNotFound for https://books.toscrape.com/media/cache/media/cache/d1/2d/d12d26739b5369a6b5b3024e4d08f907.jpg -- unhandled response
E, [2024-11-18T23:31:16.235553 #6256] ERROR -- : Error downloading image for The Coming Woman: A Novel Based on the Life of the Infamous Feminist, Victoria Woodhull: 404 => Net::HTTPNotFound for https://books.toscrape.com/media/cache/media/cache/97/36/9736132a43b8e6e3989932218ef309ed.jpg -- unhandled response
E, [2024-11-18T23:31:16.236628 #6256] ERROR -- : Error downloading image for It's Only the Himalayas: 404 => Net::HTTPNotFound for https://books.toscrape.com/media/cache/media/cache/6d/41/6d418a73cc7d4ecfd75ca11d854041db.jpg -- unhandled response
E, [2024-11-18T23:31:16.237697 #6256] ERROR -- : Error downloading image for The Boys in the Boat: Nine Americans and Their Epic Quest for Gold at the 1936 Berlin Olympics: 404 => Net::HTTPNotFound for https://books.toscrape.com/media/cache/media/cache/d1/2d/d12d26739b5369a6b5b3024e4d08f907.jpg -- unhandled response
E, [2024-11-18T23:31:16.242682 #6256] ERROR -- : Error downloading image for The Black Maria: 404 => Net::HTTPNotFound for https://books.toscrape.com/media/cache/media/cache/d1/7a/d17a3e313e52e1be5651719e4fba1d16.jpg -- unhandled response
E, [2024-11-18T23:31:16.242979 #6256] ERROR -- : Error downloading image for Soumission: 404 => Net::HTTPNotFound for https://books.toscrape.com/media/cache/media/cache/ee/cf/eecfe998905e455df12064dba399c075.jpg -- unhandled response
E, [2024-11-18T23:31:16.249985 #6256] ERROR -- : Error downloading image for Scott Pilgrim's Precious Little Life (Scott Pilgrim #1): 404 => Net::HTTPNotFound for https://books.toscrape.com/media/cache/media/cache/97/27/97275841c81e66d53bf9313cba06f23e.jpg -- unhandled response
E, [2024-11-18T23:34:01.479167 #7292] ERROR -- : Error downloading image for Our Band Could Be Your Life: Scenes from the American Indie Underground, 1981-1991: 404 => Net::HTTPNotFound for https://books.toscrape.com/media/cache/media/cache/ad/96/ad96e9c9f1664cbcb0e9627b007fb6f9.jpg -- unhandled response
E, [2024-11-18T23:34:18.978746 #7292] ERROR -- : Error downloading image for Soumission: 404 => Net::HTTPNotFound for https://books.toscrape.com/media/cache/media/cache/ee/cf/eecfe998905e455df12064dba399c075.jpg -- unhandled response
E, [2024-11-18T23:34:18.982504 #7292] ERROR -- : Error downloading image for The Dirty Little Secrets of Getting Your Dream Job: 404 => Net::HTTPNotFound for https://books.toscrape.com/media/cache/media/cache/e1/1b/e11bea016d0ae1d7e2dd46fb3cb870b7.jpg -- unhandled response
E, [2024-11-18T23:40:14.946152 #20208] ERROR -- : Error downloading image for The Boys in the Boat: Nine Americans and Their Epic Quest for Gold at the 1936 Berlin Olympics: 404 => Net::HTTPNotFound for https://books.toscrape.com/media/cache/media/cache/d1/2d/d12d26739b5369a6b5b3024e4d08f907.jpg -- unhandled response
E, [2024-11-18T23:40:14.946798 #20208] ERROR -- : Error downloading image for Sharp Objects: 404 => Net::HTTPNotFound for https://books.toscrape.com/media/cache/media/cache/c0/59/c05972805aa7201171b8fc71a5b00292.jpg -- unhandled response
E, [2024-11-18T23:40:14.947600 #20208] ERROR -- : Error downloading image for Our Band Could Be Your Life: Scenes from the American Indie Underground, 1981-1991: 404 => Net::HTTPNotFound for https://books.toscrape.com/media/cache/media/cache/ad/96/ad96e9c9f1664cbcb0e9627b007fb6f9.jpg -- unhandled response
E, [2024-11-18T23:40:14.948161 #20208] ERROR -- : Error downloading image for Set Me Free: 404 => Net::HTTPNotFound for https://books.toscrape.com/media/cache/media/cache/b8/e9/b8e91bd2fc74c3954118999238abb4b8.jpg -- unhandled response
E, [2024-11-18T23:40:14.948744 #20208] ERROR -- : Error downloading image for Mesaerion: The Best Science Fiction Stories 1800-1849: 404 => Net::HTTPNotFound for https://books.toscrape.com/media/cache/media/cache/e8/1f/e81f850db9b9622c65619c9f15748de7.jpg -- unhandled response
E, [2024-11-18T23:46:24.763537 #5528] ERROR -- : Error downloading image for Olio: 404 => Net::HTTPNotFound for https://books.toscrape.com/media/cache/media/cache/b1/0e/b10eabab1e1c811a6d47969904fd5755.jpg -- unhandled response
E, [2024-11-18T23:46:24.766105 #5528] ERROR -- : Error downloading image for The Coming Woman: A Novel Based on the Life of the Infamous Feminist, Victoria Woodhull: 404 => Net::HTTPNotFound for https://books.toscrape.com/media/cache/media/cache/97/36/9736132a43b8e6e3989932218ef309ed.jpg -- unhandled response
E, [2024-11-18T23:46:24.765168 #5528] ERROR -- : Error downloading image for Rip it Up and Start Again: 404 => Net::HTTPNotFound for https://books.toscrape.com/media/cache/media/cache/81/7f/817f5089c0e6e62738dce2931e7323d3.jpg -- unhandled response
E, [2024-11-19T10:28:54.187592 #4944] ERROR -- : Error downloading image for Shakespeare's Sonnets: 404 => Net::HTTPNotFound for https://books.toscrape.com/media/cache/media/cache/4d/7a/4d7a79a8be80a529b277ed5c4d8ba482.jpg -- unhandled response
E, [2024-11-19T10:55:14.973316 #12700] ERROR -- : Error downloading image for Set Me Free: 404 => Net::HTTPNotFound for https://books.toscrape.com/media/cache/media/cache/b8/e9/b8e91bd2fc74c3954118999238abb4b8.jpg -- unhandled response
E, [2024-11-19T10:55:14.973999 #12700] ERROR -- : Error downloading image for Libertarianism for Beginners: 404 => Net::HTTPNotFound for https://books.toscrape.com/media/cache/media/cache/91/a4/91a46253e165d144ef5938f2d456b88f.jpg -- unhandled response
E, [2024-11-19T10:55:14.973724 #12700] ERROR -- : Error downloading image for The Dirty Little Secrets of Getting Your Dream Job: 404 => Net::HTTPNotFound for https://books.toscrape.com/media/cache/media/cache/e1/1b/e11bea016d0ae1d7e2dd46fb3cb870b7.jpg -- unhandled response
